<!DOCTYPE html>

<html>
  <head>
  <meta charset='utf-8'>
  <title>TestNG reports</title>

    <link type="text/css" href="testng-reports.css" rel="stylesheet" />
    <script type="text/javascript" src="jquery-1.7.1.min.js"></script>
    <script type="text/javascript" src="testng-reports.js"></script>
    <script type="text/javascript" src="https://www.google.com/jsapi"></script>
    <script type='text/javascript'>
      google.load('visualization', '1', {packages:['table']});
      google.setOnLoadCallback(drawTable);
      var suiteTableInitFunctions = new Array();
      var suiteTableData = new Array();
    </script>
    <!--
      <script type="text/javascript" src="jquery-ui/js/jquery-ui-1.8.16.custom.min.js"></script>
     -->
  </head>

  <body>
    <div class="top-banner-root">
      <span class="top-banner-title-font">Test results</span>
      <br/>
      <span class="top-banner-font-1">1 suite, 2 failed tests</span>
    </div> <!-- top-banner-root -->
    <div class="navigator-root">
      <div class="navigator-suite-header">
        <span>All suites</span>
        <a href="#" class="collapse-all-link" title="Collapse/expand all the suites">
          <img class="collapse-all-icon" src="collapseall.gif">
          </img> <!-- collapse-all-icon -->
        </a> <!-- collapse-all-link -->
      </div> <!-- navigator-suite-header -->
      <div class="suite">
        <div class="rounded-window">
          <div class="suite-header light-rounded-window-top">
            <a href="#" class="navigator-link" panel-name="suite-POM_Application_Test_Automation_Test_suite">
              <span class="suite-name border-failed">POM Application Test Automation Test suite</span>
            </a> <!-- navigator-link -->
          </div> <!-- suite-header light-rounded-window-top -->
          <div class="navigator-suite-content">
            <div class="suite-section-title">
              <span>Info</span>
            </div> <!-- suite-section-title -->
            <div class="suite-section-content">
              <ul>
                <li>
                  <a href="#" class="navigator-link " panel-name="test-xml-POM_Application_Test_Automation_Test_suite">
                    <span>D:\POM\POM\src\main\resources\testng.xml</span>
                  </a> <!-- navigator-link  -->
                </li>
                <li>
                  <a href="#" class="navigator-link " panel-name="testlist-POM_Application_Test_Automation_Test_suite">
                    <span class="test-stats">1 test</span>
                  </a> <!-- navigator-link  -->
                </li>
                <li>
                  <a href="#" class="navigator-link " panel-name="group-POM_Application_Test_Automation_Test_suite">
                    <span>0 groups</span>
                  </a> <!-- navigator-link  -->
                </li>
                <li>
                  <a href="#" class="navigator-link " panel-name="times-POM_Application_Test_Automation_Test_suite">
                    <span>Times</span>
                  </a> <!-- navigator-link  -->
                </li>
                <li>
                  <a href="#" class="navigator-link " panel-name="reporter-POM_Application_Test_Automation_Test_suite">
                    <span>Reporter output</span>
                  </a> <!-- navigator-link  -->
                </li>
                <li>
                  <a href="#" class="navigator-link " panel-name="ignored-methods-POM_Application_Test_Automation_Test_suite">
                    <span>Ignored methods</span>
                  </a> <!-- navigator-link  -->
                </li>
                <li>
                  <a href="#" class="navigator-link " panel-name="chronological-POM_Application_Test_Automation_Test_suite">
                    <span>Chronological view</span>
                  </a> <!-- navigator-link  -->
                </li>
              </ul>
            </div> <!-- suite-section-content -->
            <div class="result-section">
              <div class="suite-section-title">
                <span>Results</span>
              </div> <!-- suite-section-title -->
              <div class="suite-section-content">
                <ul>
                  <li>
                    <span class="method-stats">12 methods, 2 failed,   10 passed</span>
                  </li>
                  <li>
                    <span class="method-list-title failed">Failed methods</span>
                    <span class="show-or-hide-methods failed">
                      <a href="#" panel-name="suite-POM_Application_Test_Automation_Test_suite" class="hide-methods failed suite-POM_Application_Test_Automation_Test_suite"> (hide)</a> <!-- hide-methods failed suite-POM_Application_Test_Automation_Test_suite -->
                      <a href="#" panel-name="suite-POM_Application_Test_Automation_Test_suite" class="show-methods failed suite-POM_Application_Test_Automation_Test_suite"> (show)</a> <!-- show-methods failed suite-POM_Application_Test_Automation_Test_suite -->
                    </span>
                    <div class="method-list-content failed suite-POM_Application_Test_Automation_Test_suite">
                      <span>
                        <img width="3%" src="failed.png"/>
                        <a href="#" class="method navigator-link" panel-name="suite-POM_Application_Test_Automation_Test_suite" title="pom.fb.qa.testcases.LoginTest" hash-for-method="carousalClickLeftTest">carousalClickLeftTest</a> <!-- method navigator-link -->
                      </span>
                      <br/>
                      <span>
                        <img width="3%" src="failed.png"/>
                        <a href="#" class="method navigator-link" panel-name="suite-POM_Application_Test_Automation_Test_suite" title="pom.fb.qa.testcases.LoginTest" hash-for-method="carousalClickTest">carousalClickTest</a> <!-- method navigator-link -->
                      </span>
                      <br/>
                    </div> <!-- method-list-content failed suite-POM_Application_Test_Automation_Test_suite -->
                  </li>
                  <li>
                    <span class="method-list-title passed">Passed methods</span>
                    <span class="show-or-hide-methods passed">
                      <a href="#" panel-name="suite-POM_Application_Test_Automation_Test_suite" class="hide-methods passed suite-POM_Application_Test_Automation_Test_suite"> (hide)</a> <!-- hide-methods passed suite-POM_Application_Test_Automation_Test_suite -->
                      <a href="#" panel-name="suite-POM_Application_Test_Automation_Test_suite" class="show-methods passed suite-POM_Application_Test_Automation_Test_suite"> (show)</a> <!-- show-methods passed suite-POM_Application_Test_Automation_Test_suite -->
                    </span>
                    <div class="method-list-content passed suite-POM_Application_Test_Automation_Test_suite">
                      <span>
                        <img width="3%" src="passed.png"/>
                        <a href="#" class="method navigator-link" panel-name="suite-POM_Application_Test_Automation_Test_suite" title="pom.fb.qa.testcases.LoginTest" hash-for-method="carousalControlLeftTest">carousalControlLeftTest</a> <!-- method navigator-link -->
                      </span>
                      <br/>
                      <span>
                        <img width="3%" src="passed.png"/>
                        <a href="#" class="method navigator-link" panel-name="suite-POM_Application_Test_Automation_Test_suite" title="pom.fb.qa.testcases.LoginTest" hash-for-method="carousalControlRightTest">carousalControlRightTest</a> <!-- method navigator-link -->
                      </span>
                      <br/>
                      <span>
                        <img width="3%" src="passed.png"/>
                        <a href="#" class="method navigator-link" panel-name="suite-POM_Application_Test_Automation_Test_suite" title="pom.fb.qa.testcases.LoginTest" hash-for-method="signUpTest">signUpTest</a> <!-- method navigator-link -->
                      </span>
                      <br/>
                      <span>
                        <img width="3%" src="passed.png"/>
                        <a href="#" class="method navigator-link" panel-name="suite-POM_Application_Test_Automation_Test_suite" title="pom.fb.qa.testcases.LoginTest" hash-for-method="termsAndConditionsLinkTest">termsAndConditionsLinkTest</a> <!-- method navigator-link -->
                      </span>
                      <br/>
                      <span>
                        <img width="3%" src="passed.png"/>
                        <a href="#" class="method navigator-link" panel-name="suite-POM_Application_Test_Automation_Test_suite" title="pom.fb.qa.testcases.LoginTest" hash-for-method="validateTitleTest">validateTitleTest</a> <!-- method navigator-link -->
                      </span>
                      <br/>
                      <span>
                        <img width="3%" src="passed.png"/>
                        <a href="#" class="method navigator-link" panel-name="suite-POM_Application_Test_Automation_Test_suite" title="pom.fb.qa.testcases.ContactsPageTest" hash-for-method="verifyContactListTest">verifyContactListTest</a> <!-- method navigator-link -->
                      </span>
                      <br/>
                      <span>
                        <img width="3%" src="passed.png"/>
                        <a href="#" class="method navigator-link" panel-name="suite-POM_Application_Test_Automation_Test_suite" title="pom.fb.qa.testcases.ContactsPageTest" hash-for-method="verifyContactsLabelTest">verifyContactsLabelTest</a> <!-- method navigator-link -->
                      </span>
                      <br/>
                      <span>
                        <img width="3%" src="passed.png"/>
                        <a href="#" class="method navigator-link" panel-name="suite-POM_Application_Test_Automation_Test_suite" title="pom.fb.qa.testcases.LoginTest" hash-for-method="verifyCrmLogoTest">verifyCrmLogoTest</a> <!-- method navigator-link -->
                      </span>
                      <br/>
                      <span>
                        <img width="3%" src="passed.png"/>
                        <a href="#" class="method navigator-link" panel-name="suite-POM_Application_Test_Automation_Test_suite" title="pom.fb.qa.testcases.LoginTest" hash-for-method="verifyHeaderLinksTest">verifyHeaderLinksTest</a> <!-- method navigator-link -->
                      </span>
                      <br/>
                      <span>
                        <img width="3%" src="passed.png"/>
                        <a href="#" class="method navigator-link" panel-name="suite-POM_Application_Test_Automation_Test_suite" title="pom.fb.qa.testcases.LoginTest" hash-for-method="verifyPrivacyPolicyLinkTest">verifyPrivacyPolicyLinkTest</a> <!-- method navigator-link -->
                      </span>
                      <br/>
                    </div> <!-- method-list-content passed suite-POM_Application_Test_Automation_Test_suite -->
                  </li>
                </ul>
              </div> <!-- suite-section-content -->
            </div> <!-- result-section -->
          </div> <!-- navigator-suite-content -->
        </div> <!-- rounded-window -->
      </div> <!-- suite -->
    </div> <!-- navigator-root -->
    <div class="wrapper">
      <div class="main-panel-root">
        <div panel-name="suite-POM_Application_Test_Automation_Test_suite" class="panel POM_Application_Test_Automation_Test_suite">
          <div class="suite-POM_Application_Test_Automation_Test_suite-class-failed">
            <div class="main-panel-header rounded-window-top">
              <img src="failed.png"/>
              <span class="class-name">pom.fb.qa.testcases.LoginTest</span>
            </div> <!-- main-panel-header rounded-window-top -->
            <div class="main-panel-content rounded-window-bottom">
              <div class="method">
                <div class="method-content">
                  <a name="carousalClickLeftTest">
                  </a> <!-- carousalClickLeftTest -->
                  <span class="method-name">carousalClickLeftTest</span>
                  <div class="stack-trace">org.openqa.selenium.WebDriverException: unknown error: Element &lt;i class=&quot;fa fa-chevron-left&quot;&gt;&lt;/i&gt; is not clickable at point (39, 457). Other element would receive the click: &lt;div id=&quot;preloader&quot;&gt;...&lt;/div&gt;
  (Session info: chrome=70.0.3538.110)
  (Driver info: chromedriver=2.35.528161 (5b82f2d2aae0ca24b877009200ced9065a772e73),platform=Windows NT 10.0.14393 x86_64) (WARNING: The server did not provide any stacktrace information)
Command duration or timeout: 0 milliseconds
Build info: version: &apos;3.13.0&apos;, revision: &apos;2f0d292&apos;, time: &apos;2018-06-25T15:24:21.231Z&apos;
System info: host: &apos;SYNCLAPN2791&apos;, ip: &apos;172.16.102.145&apos;, os.name: &apos;Windows 8.1&apos;, os.arch: &apos;x86&apos;, os.version: &apos;6.3&apos;, java.version: &apos;1.8.0&apos;
Driver info: org.openqa.selenium.chrome.ChromeDriver
Capabilities {acceptInsecureCerts: false, acceptSslCerts: false, applicationCacheEnabled: false, browserConnectionEnabled: false, browserName: chrome, chrome: {chromedriverVersion: 2.35.528161 (5b82f2d2aae0ca..., userDataDir: C:\Users\VENKAD~1.THA\AppDa...}, cssSelectorsEnabled: true, databaseEnabled: false, handlesAlerts: true, hasTouchScreen: false, javascriptEnabled: true, locationContextEnabled: true, mobileEmulationEnabled: false, nativeEvents: true, networkConnectionEnabled: false, pageLoadStrategy: normal, platform: XP, platformName: XP, rotatable: false, setWindowRect: true, takesHeapSnapshot: true, takesScreenshot: true, unexpectedAlertBehaviour: , unhandledPromptBehavior: , version: 70.0.3538.110, webStorageEnabled: true}
Session ID: fd0c37f233e6fc32a097737b8546b624
	at org.openqa.selenium.remote.ErrorHandler.createThrowable(ErrorHandler.java:214)
	at org.openqa.selenium.remote.ErrorHandler.throwIfResponseFailed(ErrorHandler.java:166)
	at org.openqa.selenium.remote.http.JsonHttpResponseCodec.reconstructValue(JsonHttpResponseCodec.java:40)
	at org.openqa.selenium.remote.http.AbstractHttpResponseCodec.decode(AbstractHttpResponseCodec.java:80)
	at org.openqa.selenium.remote.http.AbstractHttpResponseCodec.decode(AbstractHttpResponseCodec.java:44)
	at org.openqa.selenium.remote.HttpCommandExecutor.execute(HttpCommandExecutor.java:158)
	at org.openqa.selenium.remote.service.DriverCommandExecutor.execute(DriverCommandExecutor.java:83)
	at org.openqa.selenium.remote.RemoteWebDriver.execute(RemoteWebDriver.java:548)
	at org.openqa.selenium.remote.RemoteWebElement.execute(RemoteWebElement.java:276)
	at org.openqa.selenium.remote.RemoteWebElement.click(RemoteWebElement.java:83)
	at org.openqa.selenium.support.pagefactory.internal.LocatingElementHandler.invoke(LocatingElementHandler.java:51)
	at com.sun.proxy.$Proxy9.click(Unknown Source)
	at pom.fb.qa.pages.LoginPage.carousalClickLeft(LoginPage.java:102)
	at pom.fb.qa.testcases.LoginTest.carousalClickLeftTest(LoginTest.java:75)
... Removed 33 stack frames
</div> <!-- stack-trace -->
                </div> <!-- method-content -->
              </div> <!-- method -->
              <div class="method">
                <div class="method-content">
                  <a name="carousalClickTest">
                  </a> <!-- carousalClickTest -->
                  <span class="method-name">carousalClickTest</span>
                  <div class="stack-trace">org.openqa.selenium.WebDriverException: unknown error: Element &lt;i class=&quot;fa fa-chevron-right&quot;&gt;&lt;/i&gt; is not clickable at point (1862, 457). Other element would receive the click: &lt;div id=&quot;preloader&quot;&gt;...&lt;/div&gt;
  (Session info: chrome=70.0.3538.110)
  (Driver info: chromedriver=2.35.528161 (5b82f2d2aae0ca24b877009200ced9065a772e73),platform=Windows NT 10.0.14393 x86_64) (WARNING: The server did not provide any stacktrace information)
Command duration or timeout: 0 milliseconds
Build info: version: &apos;3.13.0&apos;, revision: &apos;2f0d292&apos;, time: &apos;2018-06-25T15:24:21.231Z&apos;
System info: host: &apos;SYNCLAPN2791&apos;, ip: &apos;172.16.102.145&apos;, os.name: &apos;Windows 8.1&apos;, os.arch: &apos;x86&apos;, os.version: &apos;6.3&apos;, java.version: &apos;1.8.0&apos;
Driver info: org.openqa.selenium.chrome.ChromeDriver
Capabilities {acceptInsecureCerts: false, acceptSslCerts: false, applicationCacheEnabled: false, browserConnectionEnabled: false, browserName: chrome, chrome: {chromedriverVersion: 2.35.528161 (5b82f2d2aae0ca..., userDataDir: C:\Users\VENKAD~1.THA\AppDa...}, cssSelectorsEnabled: true, databaseEnabled: false, handlesAlerts: true, hasTouchScreen: false, javascriptEnabled: true, locationContextEnabled: true, mobileEmulationEnabled: false, nativeEvents: true, networkConnectionEnabled: false, pageLoadStrategy: normal, platform: XP, platformName: XP, rotatable: false, setWindowRect: true, takesHeapSnapshot: true, takesScreenshot: true, unexpectedAlertBehaviour: , unhandledPromptBehavior: , version: 70.0.3538.110, webStorageEnabled: true}
Session ID: cfee0d9bdb71c4b3adce980e10a4e02d
	at org.openqa.selenium.remote.ErrorHandler.createThrowable(ErrorHandler.java:214)
	at org.openqa.selenium.remote.ErrorHandler.throwIfResponseFailed(ErrorHandler.java:166)
	at org.openqa.selenium.remote.http.JsonHttpResponseCodec.reconstructValue(JsonHttpResponseCodec.java:40)
	at org.openqa.selenium.remote.http.AbstractHttpResponseCodec.decode(AbstractHttpResponseCodec.java:80)
	at org.openqa.selenium.remote.http.AbstractHttpResponseCodec.decode(AbstractHttpResponseCodec.java:44)
	at org.openqa.selenium.remote.HttpCommandExecutor.execute(HttpCommandExecutor.java:158)
	at org.openqa.selenium.remote.service.DriverCommandExecutor.execute(DriverCommandExecutor.java:83)
	at org.openqa.selenium.remote.RemoteWebDriver.execute(RemoteWebDriver.java:548)
	at org.openqa.selenium.remote.RemoteWebElement.execute(RemoteWebElement.java:276)
	at org.openqa.selenium.remote.RemoteWebElement.click(RemoteWebElement.java:83)
	at org.openqa.selenium.support.pagefactory.internal.LocatingElementHandler.invoke(LocatingElementHandler.java:51)
	at com.sun.proxy.$Proxy9.click(Unknown Source)
	at pom.fb.qa.pages.LoginPage.carousalClick(LoginPage.java:93)
	at pom.fb.qa.testcases.LoginTest.carousalClickTest(LoginTest.java:68)
... Removed 33 stack frames
</div> <!-- stack-trace -->
                </div> <!-- method-content -->
              </div> <!-- method -->
            </div> <!-- main-panel-content rounded-window-bottom -->
          </div> <!-- suite-POM_Application_Test_Automation_Test_suite-class-failed -->
          <div class="suite-POM_Application_Test_Automation_Test_suite-class-passed">
            <div class="main-panel-header rounded-window-top">
              <img src="passed.png"/>
              <span class="class-name">pom.fb.qa.testcases.LoginTest</span>
            </div> <!-- main-panel-header rounded-window-top -->
            <div class="main-panel-content rounded-window-bottom">
              <div class="method">
                <div class="method-content">
                  <a name="carousalControlLeftTest">
                  </a> <!-- carousalControlLeftTest -->
                  <span class="method-name">carousalControlLeftTest</span>
                </div> <!-- method-content -->
              </div> <!-- method -->
              <div class="method">
                <div class="method-content">
                  <a name="carousalControlRightTest">
                  </a> <!-- carousalControlRightTest -->
                  <span class="method-name">carousalControlRightTest</span>
                </div> <!-- method-content -->
              </div> <!-- method -->
              <div class="method">
                <div class="method-content">
                  <a name="signUpTest">
                  </a> <!-- signUpTest -->
                  <span class="method-name">signUpTest</span>
                </div> <!-- method-content -->
              </div> <!-- method -->
              <div class="method">
                <div class="method-content">
                  <a name="termsAndConditionsLinkTest">
                  </a> <!-- termsAndConditionsLinkTest -->
                  <span class="method-name">termsAndConditionsLinkTest</span>
                </div> <!-- method-content -->
              </div> <!-- method -->
              <div class="method">
                <div class="method-content">
                  <a name="validateTitleTest">
                  </a> <!-- validateTitleTest -->
                  <span class="method-name">validateTitleTest</span>
                </div> <!-- method-content -->
              </div> <!-- method -->
              <div class="method">
                <div class="method-content">
                  <a name="verifyCrmLogoTest">
                  </a> <!-- verifyCrmLogoTest -->
                  <span class="method-name">verifyCrmLogoTest</span>
                </div> <!-- method-content -->
              </div> <!-- method -->
              <div class="method">
                <div class="method-content">
                  <a name="verifyHeaderLinksTest">
                  </a> <!-- verifyHeaderLinksTest -->
                  <span class="method-name">verifyHeaderLinksTest</span>
                </div> <!-- method-content -->
              </div> <!-- method -->
              <div class="method">
                <div class="method-content">
                  <a name="verifyPrivacyPolicyLinkTest">
                  </a> <!-- verifyPrivacyPolicyLinkTest -->
                  <span class="method-name">verifyPrivacyPolicyLinkTest</span>
                </div> <!-- method-content -->
              </div> <!-- method -->
            </div> <!-- main-panel-content rounded-window-bottom -->
          </div> <!-- suite-POM_Application_Test_Automation_Test_suite-class-passed -->
          <div class="suite-POM_Application_Test_Automation_Test_suite-class-passed">
            <div class="main-panel-header rounded-window-top">
              <img src="passed.png"/>
              <span class="class-name">pom.fb.qa.testcases.ContactsPageTest</span>
            </div> <!-- main-panel-header rounded-window-top -->
            <div class="main-panel-content rounded-window-bottom">
              <div class="method">
                <div class="method-content">
                  <a name="verifyContactListTest">
                  </a> <!-- verifyContactListTest -->
                  <span class="method-name">verifyContactListTest</span>
                </div> <!-- method-content -->
              </div> <!-- method -->
              <div class="method">
                <div class="method-content">
                  <a name="verifyContactsLabelTest">
                  </a> <!-- verifyContactsLabelTest -->
                  <span class="method-name">verifyContactsLabelTest</span>
                </div> <!-- method-content -->
              </div> <!-- method -->
            </div> <!-- main-panel-content rounded-window-bottom -->
          </div> <!-- suite-POM_Application_Test_Automation_Test_suite-class-passed -->
        </div> <!-- panel POM_Application_Test_Automation_Test_suite -->
        <div panel-name="test-xml-POM_Application_Test_Automation_Test_suite" class="panel">
          <div class="main-panel-header rounded-window-top">
            <span class="header-content">D:\POM\POM\src\main\resources\testng.xml</span>
          </div> <!-- main-panel-header rounded-window-top -->
          <div class="main-panel-content rounded-window-bottom">
            <pre>
&lt;?xml version=&quot;1.0&quot; encoding=&quot;UTF-8&quot;?&gt;
&lt;!DOCTYPE suite SYSTEM &quot;http://testng.org/testng-1.0.dtd&quot;&gt;
&lt;suite guice-stage=&quot;DEVELOPMENT&quot; name=&quot;POM Application Test Automation Test suite&quot;&gt;
  &lt;listeners&gt;
    &lt;listener class-name=&quot;pom.fb.qa.util.ExtentReporterNG&quot;/&gt;
  &lt;/listeners&gt;
  &lt;test thread-count=&quot;5&quot; name=&quot;Free CRM application test&quot;&gt;
    &lt;classes&gt;
      &lt;class name=&quot;pom.fb.qa.testcases.LoginTest&quot;/&gt;
      &lt;class name=&quot;pom.fb.qa.testcases.HomePageTest&quot;/&gt;
      &lt;class name=&quot;pom.fb.qa.testcases.ContactsPageTest&quot;/&gt;
    &lt;/classes&gt;
  &lt;/test&gt; &lt;!-- Free CRM application test --&gt;
&lt;/suite&gt; &lt;!-- POM Application Test Automation Test suite --&gt;
            </pre>
          </div> <!-- main-panel-content rounded-window-bottom -->
        </div> <!-- panel -->
        <div panel-name="testlist-POM_Application_Test_Automation_Test_suite" class="panel">
          <div class="main-panel-header rounded-window-top">
            <span class="header-content">Tests for POM Application Test Automation Test suite</span>
          </div> <!-- main-panel-header rounded-window-top -->
          <div class="main-panel-content rounded-window-bottom">
            <ul>
              <li>
                <span class="test-name">Free CRM application test (3 classes)</span>
              </li>
            </ul>
          </div> <!-- main-panel-content rounded-window-bottom -->
        </div> <!-- panel -->
        <div panel-name="group-POM_Application_Test_Automation_Test_suite" class="panel">
          <div class="main-panel-header rounded-window-top">
            <span class="header-content">Groups for POM Application Test Automation Test suite</span>
          </div> <!-- main-panel-header rounded-window-top -->
          <div class="main-panel-content rounded-window-bottom">
          </div> <!-- main-panel-content rounded-window-bottom -->
        </div> <!-- panel -->
        <div panel-name="times-POM_Application_Test_Automation_Test_suite" class="panel">
          <div class="main-panel-header rounded-window-top">
            <span class="header-content">Times for POM Application Test Automation Test suite</span>
          </div> <!-- main-panel-header rounded-window-top -->
          <div class="main-panel-content rounded-window-bottom">
            <div class="times-div">
              <script type="text/javascript">
suiteTableInitFunctions.push('tableData_POM_Application_Test_Automation_Test_suite');
function tableData_POM_Application_Test_Automation_Test_suite() {
var data = new google.visualization.DataTable();
data.addColumn('number', 'Number');
data.addColumn('string', 'Method');
data.addColumn('string', 'Class');
data.addColumn('number', 'Time (ms)');
data.addRows(12);
data.setCell(0, 0, 0)
data.setCell(0, 1, 'signUpTest')
data.setCell(0, 2, 'pom.fb.qa.testcases.LoginTest')
data.setCell(0, 3, 17203);
data.setCell(1, 0, 1)
data.setCell(1, 1, 'termsAndConditionsLinkTest')
data.setCell(1, 2, 'pom.fb.qa.testcases.LoginTest')
data.setCell(1, 3, 6504);
data.setCell(2, 0, 2)
data.setCell(2, 1, 'verifyPrivacyPolicyLinkTest')
data.setCell(2, 2, 'pom.fb.qa.testcases.LoginTest')
data.setCell(2, 3, 5622);
data.setCell(3, 0, 3)
data.setCell(3, 1, 'verifyContactListTest')
data.setCell(3, 2, 'pom.fb.qa.testcases.ContactsPageTest')
data.setCell(3, 3, 2209);
data.setCell(4, 0, 4)
data.setCell(4, 1, 'verifyHeaderLinksTest')
data.setCell(4, 2, 'pom.fb.qa.testcases.LoginTest')
data.setCell(4, 3, 454);
data.setCell(5, 0, 5)
data.setCell(5, 1, 'carousalClickLeftTest')
data.setCell(5, 2, 'pom.fb.qa.testcases.LoginTest')
data.setCell(5, 3, 191);
data.setCell(6, 0, 6)
data.setCell(6, 1, 'carousalClickTest')
data.setCell(6, 2, 'pom.fb.qa.testcases.LoginTest')
data.setCell(6, 3, 171);
data.setCell(7, 0, 7)
data.setCell(7, 1, 'verifyContactsLabelTest')
data.setCell(7, 2, 'pom.fb.qa.testcases.ContactsPageTest')
data.setCell(7, 3, 90);
data.setCell(8, 0, 8)
data.setCell(8, 1, 'validateTitleTest')
data.setCell(8, 2, 'pom.fb.qa.testcases.LoginTest')
data.setCell(8, 3, 90);
data.setCell(9, 0, 9)
data.setCell(9, 1, 'carousalControlLeftTest')
data.setCell(9, 2, 'pom.fb.qa.testcases.LoginTest')
data.setCell(9, 3, 63);
data.setCell(10, 0, 10)
data.setCell(10, 1, 'carousalControlRightTest')
data.setCell(10, 2, 'pom.fb.qa.testcases.LoginTest')
data.setCell(10, 3, 62);
data.setCell(11, 0, 11)
data.setCell(11, 1, 'verifyCrmLogoTest')
data.setCell(11, 2, 'pom.fb.qa.testcases.LoginTest')
data.setCell(11, 3, 59);
window.suiteTableData['POM_Application_Test_Automation_Test_suite']= { tableData: data, tableDiv: 'times-div-POM_Application_Test_Automation_Test_suite'}
return data;
}
              </script>
              <span class="suite-total-time">Total running time: 32 seconds</span>
              <div id="times-div-POM_Application_Test_Automation_Test_suite">
              </div> <!-- times-div-POM_Application_Test_Automation_Test_suite -->
            </div> <!-- times-div -->
          </div> <!-- main-panel-content rounded-window-bottom -->
        </div> <!-- panel -->
        <div panel-name="reporter-POM_Application_Test_Automation_Test_suite" class="panel">
          <div class="main-panel-header rounded-window-top">
            <span class="header-content">Reporter output for POM Application Test Automation Test suite</span>
          </div> <!-- main-panel-header rounded-window-top -->
          <div class="main-panel-content rounded-window-bottom">
          </div> <!-- main-panel-content rounded-window-bottom -->
        </div> <!-- panel -->
        <div panel-name="ignored-methods-POM_Application_Test_Automation_Test_suite" class="panel">
          <div class="main-panel-header rounded-window-top">
            <span class="header-content">0 ignored methods</span>
          </div> <!-- main-panel-header rounded-window-top -->
          <div class="main-panel-content rounded-window-bottom">
          </div> <!-- main-panel-content rounded-window-bottom -->
        </div> <!-- panel -->
        <div panel-name="chronological-POM_Application_Test_Automation_Test_suite" class="panel">
          <div class="main-panel-header rounded-window-top">
            <span class="header-content">Methods in chronological order</span>
          </div> <!-- main-panel-header rounded-window-top -->
          <div class="main-panel-content rounded-window-bottom">
            <div class="chronological-class">
              <div class="chronological-class-name">pom.fb.qa.testcases.LoginTest</div> <!-- chronological-class-name -->
              <div class="configuration-method before">
                <span class="method-name">setUP</span>
                <span class="method-start">0 ms</span>
              </div> <!-- configuration-method before -->
              <div class="test-method">
                <span class="method-name">validateTitleTest</span>
                <span class="method-start">12427 ms</span>
              </div> <!-- test-method -->
              <div class="configuration-method after">
                <span class="method-name">tearDown</span>
                <span class="method-start">12520 ms</span>
              </div> <!-- configuration-method after -->
            </div> <!-- chronological-class -->
            <div class="chronological-class">
              <div class="chronological-class-name">pom.fb.qa.testcases.ContactsPageTest</div> <!-- chronological-class-name -->
              <div class="configuration-method before">
                <span class="method-name">setUp</span>
                <span class="method-start">13296 ms</span>
              </div> <!-- configuration-method before -->
              <div class="test-method">
                <span class="method-name">verifyContactsLabelTest</span>
                <span class="method-start">33592 ms</span>
              </div> <!-- test-method -->
              <div class="configuration-method after">
                <span class="method-name">tearDown</span>
                <span class="method-start">33684 ms</span>
              </div> <!-- configuration-method after -->
            </div> <!-- chronological-class -->
            <div class="chronological-class">
              <div class="chronological-class-name">pom.fb.qa.testcases.LoginTest</div> <!-- chronological-class-name -->
              <div class="configuration-method before">
                <span class="method-name">setUP</span>
                <span class="method-start">33889 ms</span>
              </div> <!-- configuration-method before -->
              <div class="test-method">
                <span class="method-name">verifyCrmLogoTest</span>
                <span class="method-start">42553 ms</span>
              </div> <!-- test-method -->
              <div class="configuration-method after">
                <span class="method-name">tearDown</span>
                <span class="method-start">42615 ms</span>
              </div> <!-- configuration-method after -->
            </div> <!-- chronological-class -->
            <div class="chronological-class">
              <div class="chronological-class-name">pom.fb.qa.testcases.ContactsPageTest</div> <!-- chronological-class-name -->
              <div class="configuration-method before">
                <span class="method-name">setUp</span>
                <span class="method-start">43348 ms</span>
              </div> <!-- configuration-method before -->
              <div class="test-method">
                <span class="method-name">verifyContactListTest</span>
                <span class="method-start">60165 ms</span>
              </div> <!-- test-method -->
              <div class="configuration-method after">
                <span class="method-name">tearDown</span>
                <span class="method-start">62377 ms</span>
              </div> <!-- configuration-method after -->
            </div> <!-- chronological-class -->
            <div class="chronological-class">
              <div class="chronological-class-name">pom.fb.qa.testcases.LoginTest</div> <!-- chronological-class-name -->
              <div class="configuration-method before">
                <span class="method-name">setUP</span>
                <span class="method-start">62603 ms</span>
              </div> <!-- configuration-method before -->
              <div class="test-method">
                <span class="method-name">verifyHeaderLinksTest</span>
                <span class="method-start">71305 ms</span>
              </div> <!-- test-method -->
              <div class="configuration-method after">
                <span class="method-name">tearDown</span>
                <span class="method-start">71761 ms</span>
              </div> <!-- configuration-method after -->
              <div class="configuration-method before">
                <span class="method-name">setUP</span>
                <span class="method-start">72521 ms</span>
              </div> <!-- configuration-method before -->
              <div class="test-method">
                <span class="method-name">carousalControlRightTest</span>
                <span class="method-start">81579 ms</span>
              </div> <!-- test-method -->
              <div class="configuration-method after">
                <span class="method-name">tearDown</span>
                <span class="method-start">81643 ms</span>
              </div> <!-- configuration-method after -->
              <div class="configuration-method before">
                <span class="method-name">setUP</span>
                <span class="method-start">82403 ms</span>
              </div> <!-- configuration-method before -->
              <div class="test-method">
                <span class="method-name">carousalControlLeftTest</span>
                <span class="method-start">91116 ms</span>
              </div> <!-- test-method -->
              <div class="configuration-method after">
                <span class="method-name">tearDown</span>
                <span class="method-start">91182 ms</span>
              </div> <!-- configuration-method after -->
              <div class="configuration-method before">
                <span class="method-name">setUP</span>
                <span class="method-start">91954 ms</span>
              </div> <!-- configuration-method before -->
              <div class="test-method">
                <img src="failed.png">
                </img>
                <span class="method-name">carousalClickTest</span>
                <span class="method-start">101081 ms</span>
              </div> <!-- test-method -->
              <div class="configuration-method after">
                <span class="method-name">tearDown</span>
                <span class="method-start">101256 ms</span>
              </div> <!-- configuration-method after -->
              <div class="configuration-method before">
                <span class="method-name">setUP</span>
                <span class="method-start">101997 ms</span>
              </div> <!-- configuration-method before -->
              <div class="test-method">
                <img src="failed.png">
                </img>
                <span class="method-name">carousalClickLeftTest</span>
                <span class="method-start">111342 ms</span>
              </div> <!-- test-method -->
              <div class="configuration-method after">
                <span class="method-name">tearDown</span>
                <span class="method-start">111536 ms</span>
              </div> <!-- configuration-method after -->
              <div class="configuration-method before">
                <span class="method-name">setUP</span>
                <span class="method-start">112248 ms</span>
              </div> <!-- configuration-method before -->
              <div class="test-method">
                <span class="method-name">signUpTest</span>
                <span class="method-start">120805 ms</span>
              </div> <!-- test-method -->
              <div class="configuration-method after">
                <span class="method-name">tearDown</span>
                <span class="method-start">138010 ms</span>
              </div> <!-- configuration-method after -->
              <div class="configuration-method before">
                <span class="method-name">setUP</span>
                <span class="method-start">138793 ms</span>
              </div> <!-- configuration-method before -->
              <div class="test-method">
                <span class="method-name">verifyPrivacyPolicyLinkTest</span>
                <span class="method-start">149054 ms</span>
              </div> <!-- test-method -->
              <div class="configuration-method after">
                <span class="method-name">tearDown</span>
                <span class="method-start">154678 ms</span>
              </div> <!-- configuration-method after -->
              <div class="configuration-method before">
                <span class="method-name">setUP</span>
                <span class="method-start">155501 ms</span>
              </div> <!-- configuration-method before -->
              <div class="test-method">
                <span class="method-name">termsAndConditionsLinkTest</span>
                <span class="method-start">166033 ms</span>
              </div> <!-- test-method -->
              <div class="configuration-method after">
                <span class="method-name">tearDown</span>
                <span class="method-start">172540 ms</span>
              </div> <!-- configuration-method after -->
          </div> <!-- main-panel-content rounded-window-bottom -->
        </div> <!-- panel -->
      </div> <!-- main-panel-root -->
    </div> <!-- wrapper -->
  </body>
</html>
