<?xml version="1.0" encoding="UTF-8"?>
<testng-results skipped="0" failed="2" ignored="0" total="12" passed="10">
  <reporter-output>
  </reporter-output>
  <suite name="POM Application Test Automation Test suite" duration-ms="173399" started-at="2018-12-04T08:36:38Z" finished-at="2018-12-04T08:39:31Z">
    <groups>
    </groups>
    <test name="Free CRM application test" duration-ms="173399" started-at="2018-12-04T08:36:38Z" finished-at="2018-12-04T08:39:31Z">
      <class name="pom.fb.qa.testcases.ContactsPageTest">
        <test-method status="PASS" signature="setUp()[pri:0, instance:pom.fb.qa.testcases.ContactsPageTest@19963d8]" name="setUp" is-config="true" duration-ms="20296" started-at="2018-12-04T08:36:51Z" finished-at="2018-12-04T08:37:11Z">
          <reporter-output>
          </reporter-output>
        </test-method> <!-- setUp -->
        <test-method status="PASS" signature="verifyContactsLabelTest()[pri:1, instance:pom.fb.qa.testcases.ContactsPageTest@19963d8]" name="verifyContactsLabelTest" duration-ms="90" started-at="2018-12-04T08:37:11Z" finished-at="2018-12-04T08:37:12Z">
          <reporter-output>
          </reporter-output>
        </test-method> <!-- verifyContactsLabelTest -->
        <test-method status="PASS" signature="tearDown()[pri:0, instance:pom.fb.qa.testcases.ContactsPageTest@19963d8]" name="tearDown" is-config="true" duration-ms="202" started-at="2018-12-04T08:37:12Z" finished-at="2018-12-04T08:37:12Z">
          <reporter-output>
          </reporter-output>
        </test-method> <!-- tearDown -->
        <test-method status="PASS" signature="setUp()[pri:0, instance:pom.fb.qa.testcases.ContactsPageTest@19963d8]" name="setUp" is-config="true" duration-ms="16817" started-at="2018-12-04T08:37:21Z" finished-at="2018-12-04T08:37:38Z">
          <reporter-output>
          </reporter-output>
        </test-method> <!-- setUp -->
        <test-method status="PASS" signature="verifyContactListTest()[pri:2, instance:pom.fb.qa.testcases.ContactsPageTest@19963d8]" name="verifyContactListTest" duration-ms="2209" started-at="2018-12-04T08:37:38Z" finished-at="2018-12-04T08:37:40Z">
          <reporter-output>
          </reporter-output>
        </test-method> <!-- verifyContactListTest -->
        <test-method status="PASS" signature="tearDown()[pri:0, instance:pom.fb.qa.testcases.ContactsPageTest@19963d8]" name="tearDown" is-config="true" duration-ms="225" started-at="2018-12-04T08:37:40Z" finished-at="2018-12-04T08:37:40Z">
          <reporter-output>
          </reporter-output>
        </test-method> <!-- tearDown -->
      </class> <!-- pom.fb.qa.testcases.ContactsPageTest -->
      <class name="pom.fb.qa.testcases.LoginTest">
        <test-method status="PASS" signature="setUP()[pri:0, instance:pom.fb.qa.testcases.LoginTest@1deb50e]" name="setUP" is-config="true" duration-ms="12426" started-at="2018-12-04T08:36:38Z" finished-at="2018-12-04T08:36:50Z">
          <reporter-output>
          </reporter-output>
        </test-method> <!-- setUP -->
        <test-method status="PASS" signature="validateTitleTest()[pri:1, instance:pom.fb.qa.testcases.LoginTest@1deb50e]" name="validateTitleTest" duration-ms="90" started-at="2018-12-04T08:36:50Z" finished-at="2018-12-04T08:36:50Z">
          <reporter-output>
          </reporter-output>
        </test-method> <!-- validateTitleTest -->
        <test-method status="PASS" signature="tearDown()[pri:0, instance:pom.fb.qa.testcases.LoginTest@1deb50e]" name="tearDown" is-config="true" duration-ms="775" started-at="2018-12-04T08:36:50Z" finished-at="2018-12-04T08:36:51Z">
          <reporter-output>
          </reporter-output>
        </test-method> <!-- tearDown -->
        <test-method status="PASS" signature="setUP()[pri:0, instance:pom.fb.qa.testcases.LoginTest@1deb50e]" name="setUP" is-config="true" duration-ms="8663" started-at="2018-12-04T08:37:12Z" finished-at="2018-12-04T08:37:20Z">
          <reporter-output>
          </reporter-output>
        </test-method> <!-- setUP -->
        <test-method status="PASS" signature="verifyCrmLogoTest()[pri:2, instance:pom.fb.qa.testcases.LoginTest@1deb50e]" name="verifyCrmLogoTest" duration-ms="59" started-at="2018-12-04T08:37:20Z" finished-at="2018-12-04T08:37:20Z">
          <reporter-output>
          </reporter-output>
        </test-method> <!-- verifyCrmLogoTest -->
        <test-method status="PASS" signature="tearDown()[pri:0, instance:pom.fb.qa.testcases.LoginTest@1deb50e]" name="tearDown" is-config="true" duration-ms="731" started-at="2018-12-04T08:37:20Z" finished-at="2018-12-04T08:37:21Z">
          <reporter-output>
          </reporter-output>
        </test-method> <!-- tearDown -->
        <test-method status="PASS" signature="setUP()[pri:0, instance:pom.fb.qa.testcases.LoginTest@1deb50e]" name="setUP" is-config="true" duration-ms="8702" started-at="2018-12-04T08:37:40Z" finished-at="2018-12-04T08:37:49Z">
          <reporter-output>
          </reporter-output>
        </test-method> <!-- setUP -->
        <test-method status="PASS" signature="verifyHeaderLinksTest()[pri:3, instance:pom.fb.qa.testcases.LoginTest@1deb50e]" name="verifyHeaderLinksTest" duration-ms="454" started-at="2018-12-04T08:37:49Z" finished-at="2018-12-04T08:37:50Z">
          <reporter-output>
          </reporter-output>
        </test-method> <!-- verifyHeaderLinksTest -->
        <test-method status="PASS" signature="tearDown()[pri:0, instance:pom.fb.qa.testcases.LoginTest@1deb50e]" name="tearDown" is-config="true" duration-ms="759" started-at="2018-12-04T08:37:50Z" finished-at="2018-12-04T08:37:50Z">
          <reporter-output>
          </reporter-output>
        </test-method> <!-- tearDown -->
        <test-method status="PASS" signature="setUP()[pri:0, instance:pom.fb.qa.testcases.LoginTest@1deb50e]" name="setUP" is-config="true" duration-ms="9058" started-at="2018-12-04T08:37:50Z" finished-at="2018-12-04T08:37:59Z">
          <reporter-output>
          </reporter-output>
        </test-method> <!-- setUP -->
        <test-method status="PASS" signature="carousalControlRightTest()[pri:4, instance:pom.fb.qa.testcases.LoginTest@1deb50e]" name="carousalControlRightTest" duration-ms="62" started-at="2018-12-04T08:37:59Z" finished-at="2018-12-04T08:37:59Z">
          <reporter-output>
          </reporter-output>
        </test-method> <!-- carousalControlRightTest -->
        <test-method status="PASS" signature="tearDown()[pri:0, instance:pom.fb.qa.testcases.LoginTest@1deb50e]" name="tearDown" is-config="true" duration-ms="760" started-at="2018-12-04T08:37:59Z" finished-at="2018-12-04T08:38:00Z">
          <reporter-output>
          </reporter-output>
        </test-method> <!-- tearDown -->
        <test-method status="PASS" signature="setUP()[pri:0, instance:pom.fb.qa.testcases.LoginTest@1deb50e]" name="setUP" is-config="true" duration-ms="8713" started-at="2018-12-04T08:38:00Z" finished-at="2018-12-04T08:38:09Z">
          <reporter-output>
          </reporter-output>
        </test-method> <!-- setUP -->
        <test-method status="PASS" signature="carousalControlLeftTest()[pri:5, instance:pom.fb.qa.testcases.LoginTest@1deb50e]" name="carousalControlLeftTest" duration-ms="63" started-at="2018-12-04T08:38:09Z" finished-at="2018-12-04T08:38:09Z">
          <reporter-output>
          </reporter-output>
        </test-method> <!-- carousalControlLeftTest -->
        <test-method status="PASS" signature="tearDown()[pri:0, instance:pom.fb.qa.testcases.LoginTest@1deb50e]" name="tearDown" is-config="true" duration-ms="771" started-at="2018-12-04T08:38:09Z" finished-at="2018-12-04T08:38:10Z">
          <reporter-output>
          </reporter-output>
        </test-method> <!-- tearDown -->
        <test-method status="PASS" signature="setUP()[pri:0, instance:pom.fb.qa.testcases.LoginTest@1deb50e]" name="setUP" is-config="true" duration-ms="9127" started-at="2018-12-04T08:38:10Z" finished-at="2018-12-04T08:38:19Z">
          <reporter-output>
          </reporter-output>
        </test-method> <!-- setUP -->
        <test-method status="FAIL" signature="carousalClickTest()[pri:6, instance:pom.fb.qa.testcases.LoginTest@1deb50e]" name="carousalClickTest" duration-ms="171" started-at="2018-12-04T08:38:19Z" finished-at="2018-12-04T08:38:19Z">
          <exception class="org.openqa.selenium.WebDriverException">
            <message>
              <![CDATA[unknown error: Element <i class="fa fa-chevron-right"></i> is not clickable at point (1862, 457). Other element would receive the click: <div id="preloader">...</div>
  (Session info: chrome=70.0.3538.110)
  (Driver info: chromedriver=2.35.528161 (5b82f2d2aae0ca24b877009200ced9065a772e73),platform=Windows NT 10.0.14393 x86_64) (WARNING: The server did not provide any stacktrace information)
Command duration or timeout: 0 milliseconds
Build info: version: '3.13.0', revision: '2f0d292', time: '2018-06-25T15:24:21.231Z'
System info: host: 'SYNCLAPN2791', ip: '172.16.102.145', os.name: 'Windows 8.1', os.arch: 'x86', os.version: '6.3', java.version: '1.8.0'
Driver info: org.openqa.selenium.chrome.ChromeDriver
Capabilities {acceptInsecureCerts: false, acceptSslCerts: false, applicationCacheEnabled: false, browserConnectionEnabled: false, browserName: chrome, chrome: {chromedriverVersion: 2.35.528161 (5b82f2d2aae0ca..., userDataDir: C:\Users\VENKAD~1.THA\AppDa...}, cssSelectorsEnabled: true, databaseEnabled: false, handlesAlerts: true, hasTouchScreen: false, javascriptEnabled: true, locationContextEnabled: true, mobileEmulationEnabled: false, nativeEvents: true, networkConnectionEnabled: false, pageLoadStrategy: normal, platform: XP, platformName: XP, rotatable: false, setWindowRect: true, takesHeapSnapshot: true, takesScreenshot: true, unexpectedAlertBehaviour: , unhandledPromptBehavior: , version: 70.0.3538.110, webStorageEnabled: true}
Session ID: cfee0d9bdb71c4b3adce980e10a4e02d]]>
            </message>
            <full-stacktrace>
              <![CDATA[org.openqa.selenium.WebDriverException: unknown error: Element <i class="fa fa-chevron-right"></i> is not clickable at point (1862, 457). Other element would receive the click: <div id="preloader">...</div>
  (Session info: chrome=70.0.3538.110)
  (Driver info: chromedriver=2.35.528161 (5b82f2d2aae0ca24b877009200ced9065a772e73),platform=Windows NT 10.0.14393 x86_64) (WARNING: The server did not provide any stacktrace information)
Command duration or timeout: 0 milliseconds
Build info: version: '3.13.0', revision: '2f0d292', time: '2018-06-25T15:24:21.231Z'
System info: host: 'SYNCLAPN2791', ip: '172.16.102.145', os.name: 'Windows 8.1', os.arch: 'x86', os.version: '6.3', java.version: '1.8.0'
Driver info: org.openqa.selenium.chrome.ChromeDriver
Capabilities {acceptInsecureCerts: false, acceptSslCerts: false, applicationCacheEnabled: false, browserConnectionEnabled: false, browserName: chrome, chrome: {chromedriverVersion: 2.35.528161 (5b82f2d2aae0ca..., userDataDir: C:\Users\VENKAD~1.THA\AppDa...}, cssSelectorsEnabled: true, databaseEnabled: false, handlesAlerts: true, hasTouchScreen: false, javascriptEnabled: true, locationContextEnabled: true, mobileEmulationEnabled: false, nativeEvents: true, networkConnectionEnabled: false, pageLoadStrategy: normal, platform: XP, platformName: XP, rotatable: false, setWindowRect: true, takesHeapSnapshot: true, takesScreenshot: true, unexpectedAlertBehaviour: , unhandledPromptBehavior: , version: 70.0.3538.110, webStorageEnabled: true}
Session ID: cfee0d9bdb71c4b3adce980e10a4e02d
at sun.reflect.NativeConstructorAccessorImpl.newInstance0(Native Method)
at sun.reflect.NativeConstructorAccessorImpl.newInstance(NativeConstructorAccessorImpl.java:62)
at sun.reflect.DelegatingConstructorAccessorImpl.newInstance(DelegatingConstructorAccessorImpl.java:45)
at java.lang.reflect.Constructor.newInstance(Constructor.java:408)
at org.openqa.selenium.remote.ErrorHandler.createThrowable(ErrorHandler.java:214)
at org.openqa.selenium.remote.ErrorHandler.throwIfResponseFailed(ErrorHandler.java:166)
at org.openqa.selenium.remote.http.JsonHttpResponseCodec.reconstructValue(JsonHttpResponseCodec.java:40)
at org.openqa.selenium.remote.http.AbstractHttpResponseCodec.decode(AbstractHttpResponseCodec.java:80)
at org.openqa.selenium.remote.http.AbstractHttpResponseCodec.decode(AbstractHttpResponseCodec.java:44)
at org.openqa.selenium.remote.HttpCommandExecutor.execute(HttpCommandExecutor.java:158)
at org.openqa.selenium.remote.service.DriverCommandExecutor.execute(DriverCommandExecutor.java:83)
at org.openqa.selenium.remote.RemoteWebDriver.execute(RemoteWebDriver.java:548)
at org.openqa.selenium.remote.RemoteWebElement.execute(RemoteWebElement.java:276)
at org.openqa.selenium.remote.RemoteWebElement.click(RemoteWebElement.java:83)
at sun.reflect.NativeMethodAccessorImpl.invoke0(Native Method)
at sun.reflect.NativeMethodAccessorImpl.invoke(NativeMethodAccessorImpl.java:62)
at sun.reflect.DelegatingMethodAccessorImpl.invoke(DelegatingMethodAccessorImpl.java:43)
at java.lang.reflect.Method.invoke(Method.java:483)
at org.openqa.selenium.support.pagefactory.internal.LocatingElementHandler.invoke(LocatingElementHandler.java:51)
at com.sun.proxy.$Proxy9.click(Unknown Source)
at pom.fb.qa.pages.LoginPage.carousalClick(LoginPage.java:93)
at pom.fb.qa.testcases.LoginTest.carousalClickTest(LoginTest.java:68)
at sun.reflect.NativeMethodAccessorImpl.invoke0(Native Method)
at sun.reflect.NativeMethodAccessorImpl.invoke(NativeMethodAccessorImpl.java:62)
at sun.reflect.DelegatingMethodAccessorImpl.invoke(DelegatingMethodAccessorImpl.java:43)
at java.lang.reflect.Method.invoke(Method.java:483)
at org.testng.internal.MethodInvocationHelper.invokeMethod(MethodInvocationHelper.java:124)
at org.testng.internal.Invoker.invokeMethod(Invoker.java:583)
at org.testng.internal.Invoker.invokeTestMethod(Invoker.java:719)
at org.testng.internal.Invoker.invokeTestMethods(Invoker.java:989)
at org.testng.internal.TestMethodWorker.invokeTestMethods(TestMethodWorker.java:125)
at org.testng.internal.TestMethodWorker.run(TestMethodWorker.java:109)
at org.testng.TestRunner.privateRun(TestRunner.java:648)
at org.testng.TestRunner.run(TestRunner.java:505)
at org.testng.SuiteRunner.runTest(SuiteRunner.java:455)
at org.testng.SuiteRunner.runSequentially(SuiteRunner.java:450)
at org.testng.SuiteRunner.privateRun(SuiteRunner.java:415)
at org.testng.SuiteRunner.run(SuiteRunner.java:364)
at org.testng.SuiteRunnerWorker.runSuite(SuiteRunnerWorker.java:52)
at org.testng.SuiteRunnerWorker.run(SuiteRunnerWorker.java:84)
at org.testng.TestNG.runSuitesSequentially(TestNG.java:1208)
at org.testng.TestNG.runSuitesLocally(TestNG.java:1137)
at org.testng.TestNG.runSuites(TestNG.java:1049)
at org.testng.TestNG.run(TestNG.java:1017)
at org.testng.remote.AbstractRemoteTestNG.run(AbstractRemoteTestNG.java:114)
at org.testng.remote.RemoteTestNG.initAndRun(RemoteTestNG.java:251)
at org.testng.remote.RemoteTestNG.main(RemoteTestNG.java:77)
]]>
            </full-stacktrace>
          </exception> <!-- org.openqa.selenium.WebDriverException -->
          <reporter-output>
          </reporter-output>
        </test-method> <!-- carousalClickTest -->
        <test-method status="PASS" signature="tearDown()[pri:0, instance:pom.fb.qa.testcases.LoginTest@1deb50e]" name="tearDown" is-config="true" duration-ms="740" started-at="2018-12-04T08:38:19Z" finished-at="2018-12-04T08:38:20Z">
          <reporter-output>
          </reporter-output>
        </test-method> <!-- tearDown -->
        <test-method status="PASS" signature="setUP()[pri:0, instance:pom.fb.qa.testcases.LoginTest@1deb50e]" name="setUP" is-config="true" duration-ms="9345" started-at="2018-12-04T08:38:20Z" finished-at="2018-12-04T08:38:29Z">
          <reporter-output>
          </reporter-output>
        </test-method> <!-- setUP -->
        <test-method status="FAIL" signature="carousalClickLeftTest()[pri:7, instance:pom.fb.qa.testcases.LoginTest@1deb50e]" name="carousalClickLeftTest" duration-ms="191" started-at="2018-12-04T08:38:29Z" finished-at="2018-12-04T08:38:29Z">
          <exception class="org.openqa.selenium.WebDriverException">
            <message>
              <![CDATA[unknown error: Element <i class="fa fa-chevron-left"></i> is not clickable at point (39, 457). Other element would receive the click: <div id="preloader">...</div>
  (Session info: chrome=70.0.3538.110)
  (Driver info: chromedriver=2.35.528161 (5b82f2d2aae0ca24b877009200ced9065a772e73),platform=Windows NT 10.0.14393 x86_64) (WARNING: The server did not provide any stacktrace information)
Command duration or timeout: 0 milliseconds
Build info: version: '3.13.0', revision: '2f0d292', time: '2018-06-25T15:24:21.231Z'
System info: host: 'SYNCLAPN2791', ip: '172.16.102.145', os.name: 'Windows 8.1', os.arch: 'x86', os.version: '6.3', java.version: '1.8.0'
Driver info: org.openqa.selenium.chrome.ChromeDriver
Capabilities {acceptInsecureCerts: false, acceptSslCerts: false, applicationCacheEnabled: false, browserConnectionEnabled: false, browserName: chrome, chrome: {chromedriverVersion: 2.35.528161 (5b82f2d2aae0ca..., userDataDir: C:\Users\VENKAD~1.THA\AppDa...}, cssSelectorsEnabled: true, databaseEnabled: false, handlesAlerts: true, hasTouchScreen: false, javascriptEnabled: true, locationContextEnabled: true, mobileEmulationEnabled: false, nativeEvents: true, networkConnectionEnabled: false, pageLoadStrategy: normal, platform: XP, platformName: XP, rotatable: false, setWindowRect: true, takesHeapSnapshot: true, takesScreenshot: true, unexpectedAlertBehaviour: , unhandledPromptBehavior: , version: 70.0.3538.110, webStorageEnabled: true}
Session ID: fd0c37f233e6fc32a097737b8546b624]]>
            </message>
            <full-stacktrace>
              <![CDATA[org.openqa.selenium.WebDriverException: unknown error: Element <i class="fa fa-chevron-left"></i> is not clickable at point (39, 457). Other element would receive the click: <div id="preloader">...</div>
  (Session info: chrome=70.0.3538.110)
  (Driver info: chromedriver=2.35.528161 (5b82f2d2aae0ca24b877009200ced9065a772e73),platform=Windows NT 10.0.14393 x86_64) (WARNING: The server did not provide any stacktrace information)
Command duration or timeout: 0 milliseconds
Build info: version: '3.13.0', revision: '2f0d292', time: '2018-06-25T15:24:21.231Z'
System info: host: 'SYNCLAPN2791', ip: '172.16.102.145', os.name: 'Windows 8.1', os.arch: 'x86', os.version: '6.3', java.version: '1.8.0'
Driver info: org.openqa.selenium.chrome.ChromeDriver
Capabilities {acceptInsecureCerts: false, acceptSslCerts: false, applicationCacheEnabled: false, browserConnectionEnabled: false, browserName: chrome, chrome: {chromedriverVersion: 2.35.528161 (5b82f2d2aae0ca..., userDataDir: C:\Users\VENKAD~1.THA\AppDa...}, cssSelectorsEnabled: true, databaseEnabled: false, handlesAlerts: true, hasTouchScreen: false, javascriptEnabled: true, locationContextEnabled: true, mobileEmulationEnabled: false, nativeEvents: true, networkConnectionEnabled: false, pageLoadStrategy: normal, platform: XP, platformName: XP, rotatable: false, setWindowRect: true, takesHeapSnapshot: true, takesScreenshot: true, unexpectedAlertBehaviour: , unhandledPromptBehavior: , version: 70.0.3538.110, webStorageEnabled: true}
Session ID: fd0c37f233e6fc32a097737b8546b624
at sun.reflect.NativeConstructorAccessorImpl.newInstance0(Native Method)
at sun.reflect.NativeConstructorAccessorImpl.newInstance(NativeConstructorAccessorImpl.java:62)
at sun.reflect.DelegatingConstructorAccessorImpl.newInstance(DelegatingConstructorAccessorImpl.java:45)
at java.lang.reflect.Constructor.newInstance(Constructor.java:408)
at org.openqa.selenium.remote.ErrorHandler.createThrowable(ErrorHandler.java:214)
at org.openqa.selenium.remote.ErrorHandler.throwIfResponseFailed(ErrorHandler.java:166)
at org.openqa.selenium.remote.http.JsonHttpResponseCodec.reconstructValue(JsonHttpResponseCodec.java:40)
at org.openqa.selenium.remote.http.AbstractHttpResponseCodec.decode(AbstractHttpResponseCodec.java:80)
at org.openqa.selenium.remote.http.AbstractHttpResponseCodec.decode(AbstractHttpResponseCodec.java:44)
at org.openqa.selenium.remote.HttpCommandExecutor.execute(HttpCommandExecutor.java:158)
at org.openqa.selenium.remote.service.DriverCommandExecutor.execute(DriverCommandExecutor.java:83)
at org.openqa.selenium.remote.RemoteWebDriver.execute(RemoteWebDriver.java:548)
at org.openqa.selenium.remote.RemoteWebElement.execute(RemoteWebElement.java:276)
at org.openqa.selenium.remote.RemoteWebElement.click(RemoteWebElement.java:83)
at sun.reflect.NativeMethodAccessorImpl.invoke0(Native Method)
at sun.reflect.NativeMethodAccessorImpl.invoke(NativeMethodAccessorImpl.java:62)
at sun.reflect.DelegatingMethodAccessorImpl.invoke(DelegatingMethodAccessorImpl.java:43)
at java.lang.reflect.Method.invoke(Method.java:483)
at org.openqa.selenium.support.pagefactory.internal.LocatingElementHandler.invoke(LocatingElementHandler.java:51)
at com.sun.proxy.$Proxy9.click(Unknown Source)
at pom.fb.qa.pages.LoginPage.carousalClickLeft(LoginPage.java:102)
at pom.fb.qa.testcases.LoginTest.carousalClickLeftTest(LoginTest.java:75)
at sun.reflect.NativeMethodAccessorImpl.invoke0(Native Method)
at sun.reflect.NativeMethodAccessorImpl.invoke(NativeMethodAccessorImpl.java:62)
at sun.reflect.DelegatingMethodAccessorImpl.invoke(DelegatingMethodAccessorImpl.java:43)
at java.lang.reflect.Method.invoke(Method.java:483)
at org.testng.internal.MethodInvocationHelper.invokeMethod(MethodInvocationHelper.java:124)
at org.testng.internal.Invoker.invokeMethod(Invoker.java:583)
at org.testng.internal.Invoker.invokeTestMethod(Invoker.java:719)
at org.testng.internal.Invoker.invokeTestMethods(Invoker.java:989)
at org.testng.internal.TestMethodWorker.invokeTestMethods(TestMethodWorker.java:125)
at org.testng.internal.TestMethodWorker.run(TestMethodWorker.java:109)
at org.testng.TestRunner.privateRun(TestRunner.java:648)
at org.testng.TestRunner.run(TestRunner.java:505)
at org.testng.SuiteRunner.runTest(SuiteRunner.java:455)
at org.testng.SuiteRunner.runSequentially(SuiteRunner.java:450)
at org.testng.SuiteRunner.privateRun(SuiteRunner.java:415)
at org.testng.SuiteRunner.run(SuiteRunner.java:364)
at org.testng.SuiteRunnerWorker.runSuite(SuiteRunnerWorker.java:52)
at org.testng.SuiteRunnerWorker.run(SuiteRunnerWorker.java:84)
at org.testng.TestNG.runSuitesSequentially(TestNG.java:1208)
at org.testng.TestNG.runSuitesLocally(TestNG.java:1137)
at org.testng.TestNG.runSuites(TestNG.java:1049)
at org.testng.TestNG.run(TestNG.java:1017)
at org.testng.remote.AbstractRemoteTestNG.run(AbstractRemoteTestNG.java:114)
at org.testng.remote.RemoteTestNG.initAndRun(RemoteTestNG.java:251)
at org.testng.remote.RemoteTestNG.main(RemoteTestNG.java:77)
]]>
            </full-stacktrace>
          </exception> <!-- org.openqa.selenium.WebDriverException -->
          <reporter-output>
          </reporter-output>
        </test-method> <!-- carousalClickLeftTest -->
        <test-method status="PASS" signature="tearDown()[pri:0, instance:pom.fb.qa.testcases.LoginTest@1deb50e]" name="tearDown" is-config="true" duration-ms="712" started-at="2018-12-04T08:38:29Z" finished-at="2018-12-04T08:38:30Z">
          <reporter-output>
          </reporter-output>
        </test-method> <!-- tearDown -->
        <test-method status="PASS" signature="setUP()[pri:0, instance:pom.fb.qa.testcases.LoginTest@1deb50e]" name="setUP" is-config="true" duration-ms="8556" started-at="2018-12-04T08:38:30Z" finished-at="2018-12-04T08:38:39Z">
          <reporter-output>
          </reporter-output>
        </test-method> <!-- setUP -->
        <test-method status="PASS" signature="signUpTest()[pri:8, instance:pom.fb.qa.testcases.LoginTest@1deb50e]" name="signUpTest" duration-ms="17203" started-at="2018-12-04T08:38:39Z" finished-at="2018-12-04T08:38:56Z">
          <reporter-output>
          </reporter-output>
        </test-method> <!-- signUpTest -->
        <test-method status="PASS" signature="tearDown()[pri:0, instance:pom.fb.qa.testcases.LoginTest@1deb50e]" name="tearDown" is-config="true" duration-ms="783" started-at="2018-12-04T08:38:56Z" finished-at="2018-12-04T08:38:57Z">
          <reporter-output>
          </reporter-output>
        </test-method> <!-- tearDown -->
        <test-method status="PASS" signature="setUP()[pri:0, instance:pom.fb.qa.testcases.LoginTest@1deb50e]" name="setUP" is-config="true" duration-ms="10261" started-at="2018-12-04T08:38:57Z" finished-at="2018-12-04T08:39:07Z">
          <reporter-output>
          </reporter-output>
        </test-method> <!-- setUP -->
        <test-method status="PASS" signature="verifyPrivacyPolicyLinkTest()[pri:9, instance:pom.fb.qa.testcases.LoginTest@1deb50e]" name="verifyPrivacyPolicyLinkTest" duration-ms="5622" started-at="2018-12-04T08:39:07Z" finished-at="2018-12-04T08:39:13Z">
          <reporter-output>
          </reporter-output>
        </test-method> <!-- verifyPrivacyPolicyLinkTest -->
        <test-method status="PASS" signature="tearDown()[pri:0, instance:pom.fb.qa.testcases.LoginTest@1deb50e]" name="tearDown" is-config="true" duration-ms="823" started-at="2018-12-04T08:39:13Z" finished-at="2018-12-04T08:39:13Z">
          <reporter-output>
          </reporter-output>
        </test-method> <!-- tearDown -->
        <test-method status="PASS" signature="setUP()[pri:0, instance:pom.fb.qa.testcases.LoginTest@1deb50e]" name="setUP" is-config="true" duration-ms="10532" started-at="2018-12-04T08:39:13Z" finished-at="2018-12-04T08:39:24Z">
          <reporter-output>
          </reporter-output>
        </test-method> <!-- setUP -->
        <test-method status="PASS" signature="termsAndConditionsLinkTest()[pri:10, instance:pom.fb.qa.testcases.LoginTest@1deb50e]" name="termsAndConditionsLinkTest" duration-ms="6504" started-at="2018-12-04T08:39:24Z" finished-at="2018-12-04T08:39:30Z">
          <reporter-output>
          </reporter-output>
        </test-method> <!-- termsAndConditionsLinkTest -->
        <test-method status="PASS" signature="tearDown()[pri:0, instance:pom.fb.qa.testcases.LoginTest@1deb50e]" name="tearDown" is-config="true" duration-ms="821" started-at="2018-12-04T08:39:30Z" finished-at="2018-12-04T08:39:31Z">
          <reporter-output>
          </reporter-output>
        </test-method> <!-- tearDown -->
      </class> <!-- pom.fb.qa.testcases.LoginTest -->
    </test> <!-- Free CRM application test -->
  </suite> <!-- POM Application Test Automation Test suite -->
</testng-results>
